-------------------------------------------------------------------------------
Test set: com.globalaccelerex.javatest.JavaTestApplicationTests
-------------------------------------------------------------------------------
Tests run: 1, Failures: 0, Errors: 1, Skipped: 0, Time elapsed: 37.745 s <<< FAILURE! - in com.globalaccelerex.javatest.JavaTestApplicationTests
contextLoads  Time elapsed: 0.003 s  <<< ERROR!
java.lang.IllegalStateException: Failed to load ApplicationContext
Caused by: org.springframework.beans.factory.UnsatisfiedDependencyException: Error creating bean with name 'hotelController': Unsatisfied dependency expressed through field 'hotelService'; nested exception is org.springframework.beans.factory.UnsatisfiedDependencyException: Error creating bean with name 'hotelService' defined in file [C:\Users\HP\Downloads\java-test\target\classes\com\globalaccelerex\javatest\service\HotelService.class]: Unsatisfied dependency expressed through constructor parameter 0; nested exception is org.springframework.beans.factory.BeanCreationException: Error creating bean with name 'hotelRepository' defined in com.globalaccelerex.javatest.Repository.HotelRepository defined in @EnableJpaRepositories declared on JavaTestApplication: Invocation of init method failed; nested exception is org.springframework.data.repository.query.QueryCreationException: Could not create query for public abstract com.globalaccelerex.javatest.entity.Hotels com.globalaccelerex.javatest.Repository.HotelRepository.findHotelsByRoom_typeAndRatings(com.globalaccelerex.javatest.entity.Room_type,short)! Reason: Failed to create query for method public abstract com.globalaccelerex.javatest.entity.Hotels com.globalaccelerex.javatest.Repository.HotelRepository.findHotelsByRoom_typeAndRatings(com.globalaccelerex.javatest.entity.Room_type,short)! No property room found for type Hotels!; nested exception is java.lang.IllegalArgumentException: Failed to create query for method public abstract com.globalaccelerex.javatest.entity.Hotels com.globalaccelerex.javatest.Repository.HotelRepository.findHotelsByRoom_typeAndRatings(com.globalaccelerex.javatest.entity.Room_type,short)! No property room found for type Hotels!
Caused by: org.springframework.beans.factory.UnsatisfiedDependencyException: Error creating bean with name 'hotelService' defined in file [C:\Users\HP\Downloads\java-test\target\classes\com\globalaccelerex\javatest\service\HotelService.class]: Unsatisfied dependency expressed through constructor parameter 0; nested exception is org.springframework.beans.factory.BeanCreationException: Error creating bean with name 'hotelRepository' defined in com.globalaccelerex.javatest.Repository.HotelRepository defined in @EnableJpaRepositories declared on JavaTestApplication: Invocation of init method failed; nested exception is org.springframework.data.repository.query.QueryCreationException: Could not create query for public abstract com.globalaccelerex.javatest.entity.Hotels com.globalaccelerex.javatest.Repository.HotelRepository.findHotelsByRoom_typeAndRatings(com.globalaccelerex.javatest.entity.Room_type,short)! Reason: Failed to create query for method public abstract com.globalaccelerex.javatest.entity.Hotels com.globalaccelerex.javatest.Repository.HotelRepository.findHotelsByRoom_typeAndRatings(com.globalaccelerex.javatest.entity.Room_type,short)! No property room found for type Hotels!; nested exception is java.lang.IllegalArgumentException: Failed to create query for method public abstract com.globalaccelerex.javatest.entity.Hotels com.globalaccelerex.javatest.Repository.HotelRepository.findHotelsByRoom_typeAndRatings(com.globalaccelerex.javatest.entity.Room_type,short)! No property room found for type Hotels!
Caused by: org.springframework.beans.factory.BeanCreationException: Error creating bean with name 'hotelRepository' defined in com.globalaccelerex.javatest.Repository.HotelRepository defined in @EnableJpaRepositories declared on JavaTestApplication: Invocation of init method failed; nested exception is org.springframework.data.repository.query.QueryCreationException: Could not create query for public abstract com.globalaccelerex.javatest.entity.Hotels com.globalaccelerex.javatest.Repository.HotelRepository.findHotelsByRoom_typeAndRatings(com.globalaccelerex.javatest.entity.Room_type,short)! Reason: Failed to create query for method public abstract com.globalaccelerex.javatest.entity.Hotels com.globalaccelerex.javatest.Repository.HotelRepository.findHotelsByRoom_typeAndRatings(com.globalaccelerex.javatest.entity.Room_type,short)! No property room found for type Hotels!; nested exception is java.lang.IllegalArgumentException: Failed to create query for method public abstract com.globalaccelerex.javatest.entity.Hotels com.globalaccelerex.javatest.Repository.HotelRepository.findHotelsByRoom_typeAndRatings(com.globalaccelerex.javatest.entity.Room_type,short)! No property room found for type Hotels!
Caused by: org.springframework.data.repository.query.QueryCreationException: Could not create query for public abstract com.globalaccelerex.javatest.entity.Hotels com.globalaccelerex.javatest.Repository.HotelRepository.findHotelsByRoom_typeAndRatings(com.globalaccelerex.javatest.entity.Room_type,short)! Reason: Failed to create query for method public abstract com.globalaccelerex.javatest.entity.Hotels com.globalaccelerex.javatest.Repository.HotelRepository.findHotelsByRoom_typeAndRatings(com.globalaccelerex.javatest.entity.Room_type,short)! No property room found for type Hotels!; nested exception is java.lang.IllegalArgumentException: Failed to create query for method public abstract com.globalaccelerex.javatest.entity.Hotels com.globalaccelerex.javatest.Repository.HotelRepository.findHotelsByRoom_typeAndRatings(com.globalaccelerex.javatest.entity.Room_type,short)! No property room found for type Hotels!
Caused by: java.lang.IllegalArgumentException: Failed to create query for method public abstract com.globalaccelerex.javatest.entity.Hotels com.globalaccelerex.javatest.Repository.HotelRepository.findHotelsByRoom_typeAndRatings(com.globalaccelerex.javatest.entity.Room_type,short)! No property room found for type Hotels!
Caused by: org.springframework.data.mapping.PropertyReferenceException: No property room found for type Hotels!

